<?xml version="1.0" encoding="UTF-8"?>
<!-- Generated by org.testng.reporters.JUnitReportReporter -->
<testsuite hostname="inbl01lap7073" failures="0" tests="4" name="TestCase.Test_case" time="24.158" errors="0" timestamp="2022-02-18T21:52:42 IST" skipped="0">
  <testcase classname="TestCase.Test_case" name="Invalid_Sign_in" time="2.309"/>
  <system-out/>
  <testcase classname="TestCase.Test_case" name="CaptureVitals" time="10.386"/>
  <system-out/>
  <testcase classname="TestCase.Test_case" name="Sign_in" time="2.477"/>
  <system-out/>
  <testcase classname="TestCase.Test_case" name="Inpatient_Ward" time="8.986"/>
  <system-out/>
</testsuite> <!-- TestCase.Test_case -->
