<?xml version="1.0" encoding="UTF-8"?>
<!-- Generated by org.testng.reporters.JUnitReportReporter -->
<testsuite hostname="inbl01lap5380" failures="0" tests="1" name="PutRequest.Project_PutRequest" time="0.552" errors="0" timestamp="2022-02-19T17:28:45 IST" skipped="0">
  <testcase classname="PutRequest.Project_PutRequest" name="Put_Request" time="0.552"/>
  <system-out/>
</testsuite> <!-- PutRequest.Project_PutRequest -->
