<?xml version="1.0" encoding="UTF-8"?>
<!-- Generated by org.testng.reporters.JUnitReportReporter -->
<testsuite hostname="inbl01lap5380" failures="0" tests="1" name="PostRequest.Project_PostRequest" time="2.166" errors="0" timestamp="2022-02-19T17:28:45 IST" skipped="0">
  <testcase classname="PostRequest.Project_PostRequest" name="Post_Request" time="2.166"/>
  <system-out/>
</testsuite> <!-- PostRequest.Project_PostRequest -->
