<?xml version="1.0" encoding="UTF-8"?>
<!-- Generated by org.testng.reporters.JUnitReportReporter -->
<testsuite hostname="inbl01lap5380" failures="0" tests="1" name="DeleteRequest.Project_DeleteRequest" time="0.907" errors="0" timestamp="2022-02-19T17:28:45 IST" skipped="0">
  <testcase classname="DeleteRequest.Project_DeleteRequest" name="Delete_Request" time="0.907"/>
  <system-out/>
</testsuite> <!-- DeleteRequest.Project_DeleteRequest -->
