<?xml version="1.0" encoding="UTF-8"?>
<!-- Generated by org.testng.reporters.JUnitReportReporter -->
<testsuite hostname="inbl01lap5380" failures="0" tests="1" name="GetRequest.Project_GetRequest" time="0.775" errors="0" timestamp="2022-02-19T17:28:45 IST" skipped="0">
  <testcase classname="GetRequest.Project_GetRequest" name="Get_Request" time="0.775"/>
  <system-out/>
</testsuite> <!-- GetRequest.Project_GetRequest -->
